Symlinking /home/kaiyu/Dropbox/College/Grad/RSP/git_repos/530_707_independent_project/ros_workspace/devel/include/rsp_msgs/Move.h
Symlinking /home/kaiyu/Dropbox/College/Grad/RSP/git_repos/530_707_independent_project/ros_workspace/devel/include/rsp_msgs/Message.h
Symlinking /home/kaiyu/Dropbox/College/Grad/RSP/git_repos/530_707_independent_project/ros_workspace/devel/include/rsp_msgs/Reconfig.h
Symlinking /home/kaiyu/Dropbox/College/Grad/RSP/git_repos/530_707_independent_project/ros_workspace/devel/include/rsp_msgs/ReconfigRequest.h
Symlinking /home/kaiyu/Dropbox/College/Grad/RSP/git_repos/530_707_independent_project/ros_workspace/devel/include/rsp_msgs/ReconfigResponse.h
Symlinking /home/kaiyu/Dropbox/College/Grad/RSP/git_repos/530_707_independent_project/ros_workspace/devel/include/rsp_msgs/MoveRequest.h
Symlinking /home/kaiyu/Dropbox/College/Grad/RSP/git_repos/530_707_independent_project/ros_workspace/devel/include/rsp_msgs/MoveResponse.h
Symlinking /home/kaiyu/Dropbox/College/Grad/RSP/git_repos/530_707_independent_project/ros_workspace/devel/share/rsp_msgs/cmake/rsp_msgsConfig.cmake
Symlinking /home/kaiyu/Dropbox/College/Grad/RSP/git_repos/530_707_independent_project/ros_workspace/devel/share/rsp_msgs/cmake/rsp_msgs-msg-paths.cmake
Symlinking /home/kaiyu/Dropbox/College/Grad/RSP/git_repos/530_707_independent_project/ros_workspace/devel/share/rsp_msgs/cmake/rsp_msgs-msg-extras.cmake
Symlinking /home/kaiyu/Dropbox/College/Grad/RSP/git_repos/530_707_independent_project/ros_workspace/devel/share/rsp_msgs/cmake/rsp_msgsConfig-version.cmake
Symlinking /home/kaiyu/Dropbox/College/Grad/RSP/git_repos/530_707_independent_project/ros_workspace/devel/share/gennodejs/ros/rsp_msgs/_index.js
Symlinking /home/kaiyu/Dropbox/College/Grad/RSP/git_repos/530_707_independent_project/ros_workspace/devel/share/gennodejs/ros/rsp_msgs/msg/_index.js
Symlinking /home/kaiyu/Dropbox/College/Grad/RSP/git_repos/530_707_independent_project/ros_workspace/devel/share/gennodejs/ros/rsp_msgs/msg/Message.js
Symlinking /home/kaiyu/Dropbox/College/Grad/RSP/git_repos/530_707_independent_project/ros_workspace/devel/share/gennodejs/ros/rsp_msgs/srv/_index.js
Symlinking /home/kaiyu/Dropbox/College/Grad/RSP/git_repos/530_707_independent_project/ros_workspace/devel/share/gennodejs/ros/rsp_msgs/srv/Move.js
Symlinking /home/kaiyu/Dropbox/College/Grad/RSP/git_repos/530_707_independent_project/ros_workspace/devel/share/gennodejs/ros/rsp_msgs/srv/Reconfig.js
Symlinking /home/kaiyu/Dropbox/College/Grad/RSP/git_repos/530_707_independent_project/ros_workspace/devel/share/roseus/ros/rsp_msgs/manifest.l
Symlinking /home/kaiyu/Dropbox/College/Grad/RSP/git_repos/530_707_independent_project/ros_workspace/devel/share/roseus/ros/rsp_msgs/msg/Message.l
Symlinking /home/kaiyu/Dropbox/College/Grad/RSP/git_repos/530_707_independent_project/ros_workspace/devel/share/roseus/ros/rsp_msgs/srv/Reconfig.l
Symlinking /home/kaiyu/Dropbox/College/Grad/RSP/git_repos/530_707_independent_project/ros_workspace/devel/share/roseus/ros/rsp_msgs/srv/Move.l
Symlinking /home/kaiyu/Dropbox/College/Grad/RSP/git_repos/530_707_independent_project/ros_workspace/devel/share/common-lisp/ros/rsp_msgs/msg/_package_Message.lisp
Symlinking /home/kaiyu/Dropbox/College/Grad/RSP/git_repos/530_707_independent_project/ros_workspace/devel/share/common-lisp/ros/rsp_msgs/msg/rsp_msgs-msg.asd
Symlinking /home/kaiyu/Dropbox/College/Grad/RSP/git_repos/530_707_independent_project/ros_workspace/devel/share/common-lisp/ros/rsp_msgs/msg/Message.lisp
Symlinking /home/kaiyu/Dropbox/College/Grad/RSP/git_repos/530_707_independent_project/ros_workspace/devel/share/common-lisp/ros/rsp_msgs/msg/_package.lisp
Symlinking /home/kaiyu/Dropbox/College/Grad/RSP/git_repos/530_707_independent_project/ros_workspace/devel/share/common-lisp/ros/rsp_msgs/srv/_package_Move.lisp
Symlinking /home/kaiyu/Dropbox/College/Grad/RSP/git_repos/530_707_independent_project/ros_workspace/devel/share/common-lisp/ros/rsp_msgs/srv/Move.lisp
Symlinking /home/kaiyu/Dropbox/College/Grad/RSP/git_repos/530_707_independent_project/ros_workspace/devel/share/common-lisp/ros/rsp_msgs/srv/Reconfig.lisp
Symlinking /home/kaiyu/Dropbox/College/Grad/RSP/git_repos/530_707_independent_project/ros_workspace/devel/share/common-lisp/ros/rsp_msgs/srv/_package_Reconfig.lisp
Symlinking /home/kaiyu/Dropbox/College/Grad/RSP/git_repos/530_707_independent_project/ros_workspace/devel/share/common-lisp/ros/rsp_msgs/srv/rsp_msgs-srv.asd
Symlinking /home/kaiyu/Dropbox/College/Grad/RSP/git_repos/530_707_independent_project/ros_workspace/devel/share/common-lisp/ros/rsp_msgs/srv/_package.lisp
Symlinking /home/kaiyu/Dropbox/College/Grad/RSP/git_repos/530_707_independent_project/ros_workspace/devel/lib/pkgconfig/rsp_msgs.pc
Symlinking /home/kaiyu/Dropbox/College/Grad/RSP/git_repos/530_707_independent_project/ros_workspace/devel/lib/python2.7/dist-packages/rsp_msgs/__init__.py
Symlinking /home/kaiyu/Dropbox/College/Grad/RSP/git_repos/530_707_independent_project/ros_workspace/devel/lib/python2.7/dist-packages/rsp_msgs/msg/__init__.py
Symlinking /home/kaiyu/Dropbox/College/Grad/RSP/git_repos/530_707_independent_project/ros_workspace/devel/lib/python2.7/dist-packages/rsp_msgs/msg/_Message.py
Symlinking /home/kaiyu/Dropbox/College/Grad/RSP/git_repos/530_707_independent_project/ros_workspace/devel/lib/python2.7/dist-packages/rsp_msgs/srv/_Move.py
Symlinking /home/kaiyu/Dropbox/College/Grad/RSP/git_repos/530_707_independent_project/ros_workspace/devel/lib/python2.7/dist-packages/rsp_msgs/srv/_Reconfig.py
Symlinking /home/kaiyu/Dropbox/College/Grad/RSP/git_repos/530_707_independent_project/ros_workspace/devel/lib/python2.7/dist-packages/rsp_msgs/srv/__init__.py
