[35m[1mScanning dependencies of target _rsp_msgs_generate_messages_check_deps_Move[0m
[35m[1mScanning dependencies of target _rsp_msgs_generate_messages_check_deps_Message[0m
[35m[1mScanning dependencies of target std_msgs_generate_messages_lisp[0m
[  0%] Built target std_msgs_generate_messages_lisp
[35m[1mScanning dependencies of target _rsp_msgs_generate_messages_check_deps_Reconfig[0m
[35m[1mScanning dependencies of target std_msgs_generate_messages_py[0m
[  0%] Built target _rsp_msgs_generate_messages_check_deps_Message
[35m[1mScanning dependencies of target std_msgs_generate_messages_cpp[0m
[  0%] Built target std_msgs_generate_messages_py
[  0%] Built target _rsp_msgs_generate_messages_check_deps_Move
[  0%] Built target std_msgs_generate_messages_cpp
[35m[1mScanning dependencies of target std_msgs_generate_messages_nodejs[0m
[  0%] Built target _rsp_msgs_generate_messages_check_deps_Reconfig
[  0%] Built target std_msgs_generate_messages_nodejs
[35m[1mScanning dependencies of target std_msgs_generate_messages_eus[0m
[35m[1mScanning dependencies of target rsp_msgs_generate_messages_lisp[0m
[35m[1mScanning dependencies of target rsp_msgs_generate_messages_py[0m
[  0%] Built target std_msgs_generate_messages_eus
[  5%] [34m[1mGenerating Lisp code from rsp_msgs/Message.msg[0m
[35m[1mScanning dependencies of target rsp_msgs_generate_messages_cpp[0m
[ 11%] [34m[1mGenerating Python from MSG rsp_msgs/Message[0m
[ 16%] [34m[1mGenerating Python code from SRV rsp_msgs/Move[0m
[ 22%] [34m[1mGenerating C++ code from rsp_msgs/Message.msg[0m
[ 27%] [34m[1mGenerating C++ code from rsp_msgs/Move.srv[0m
[ 33%] [34m[1mGenerating Lisp code from rsp_msgs/Move.srv[0m
[ 38%] [34m[1mGenerating Lisp code from rsp_msgs/Reconfig.srv[0m
[35m[1mScanning dependencies of target rsp_msgs_generate_messages_nodejs[0m
[ 44%] [34m[1mGenerating Javascript code from rsp_msgs/Message.msg[0m
[ 44%] Built target rsp_msgs_generate_messages_lisp
[ 50%] [34m[1mGenerating Python code from SRV rsp_msgs/Reconfig[0m
[ 55%] [34m[1mGenerating Javascript code from rsp_msgs/Move.srv[0m
[ 61%] [34m[1mGenerating Javascript code from rsp_msgs/Reconfig.srv[0m
[ 66%] [34m[1mGenerating C++ code from rsp_msgs/Reconfig.srv[0m
[ 66%] Built target rsp_msgs_generate_messages_nodejs
[35m[1mScanning dependencies of target rsp_msgs_generate_messages_eus[0m
[ 72%] [34m[1mGenerating Python msg __init__.py for rsp_msgs[0m
[ 77%] [34m[1mGenerating EusLisp code from rsp_msgs/Message.msg[0m
[ 83%] [34m[1mGenerating EusLisp code from rsp_msgs/Move.srv[0m
[ 88%] [34m[1mGenerating Python srv __init__.py for rsp_msgs[0m
[ 94%] [34m[1mGenerating EusLisp code from rsp_msgs/Reconfig.srv[0m
[ 94%] Built target rsp_msgs_generate_messages_cpp
[ 94%] Built target rsp_msgs_generate_messages_py
[100%] [34m[1mGenerating EusLisp manifest code for rsp_msgs[0m
[100%] Built target rsp_msgs_generate_messages_eus
[35m[1mScanning dependencies of target rsp_msgs_generate_messages[0m
[100%] Built target rsp_msgs_generate_messages
